<?xml version="1.0" encoding="UTF-8"?>
<testng-results ignored="0" total="1" passed="1" failed="0" skipped="0">
  <reporter-output>
  </reporter-output>
  <suite started-at="2024-09-14T19:31:12 IST" name="LeadAngelV1" finished-at="2024-09-14T19:40:50 IST" duration-ms="577343">
    <groups>
    </groups>
    <test started-at="2024-09-14T19:31:12 IST" name="LA_chrome" finished-at="2024-09-14T19:40:50 IST" duration-ms="577343">
      <class name="com.leadAngel.testCases.TC_CrudOpertaion_PartnerTeam_PartnerLeadManagement">
        <test-method is-config="true" signature="setup(java.lang.String, java.lang.String)[pri:0, instance:com.leadAngel.testCases.TC_CrudOpertaion_PartnerTeam_PartnerLeadManagement@30b9eadd]" started-at="2024-09-14T19:31:12 IST" name="setup" finished-at="2024-09-14T19:31:19 IST" duration-ms="6381" status="PASS">
          <params>
            <param index="0">
              <value>
                <![CDATA[chrome]]>
              </value>
            </param>
            <param index="1">
              <value>
                <![CDATA[admin]]>
              </value>
            </param>
          </params>
          <reporter-output>
          </reporter-output>
        </test-method> <!-- setup -->
        <test-method signature="PrtnerLeadManagementTest()[pri:0, instance:com.leadAngel.testCases.TC_CrudOpertaion_PartnerTeam_PartnerLeadManagement@30b9eadd]" started-at="2024-09-14T19:31:19 IST" name="PrtnerLeadManagementTest" finished-at="2024-09-14T19:40:49 IST" duration-ms="570593" status="PASS">
          <reporter-output>
          </reporter-output>
        </test-method> <!-- PrtnerLeadManagementTest -->
        <test-method is-config="true" signature="tearDown()[pri:0, instance:com.leadAngel.testCases.TC_CrudOpertaion_PartnerTeam_PartnerLeadManagement@30b9eadd]" started-at="2024-09-14T19:40:49 IST" name="tearDown" finished-at="2024-09-14T19:40:50 IST" duration-ms="259" status="PASS">
          <reporter-output>
          </reporter-output>
        </test-method> <!-- tearDown -->
      </class> <!-- com.leadAngel.testCases.TC_CrudOpertaion_PartnerTeam_PartnerLeadManagement -->
    </test> <!-- LA_chrome -->
  </suite> <!-- LeadAngelV1 -->
</testng-results>
