<?xml version="1.0" encoding="UTF-8"?>
<testng-results ignored="0" total="2" passed="2" failed="0" skipped="0">
  <reporter-output>
  </reporter-output>
  <suite started-at="2024-01-16T18:44:30 IST" name="LeadAngelV1" finished-at="2024-01-16T18:46:01 IST" duration-ms="91716">
    <groups>
    </groups>
    <test started-at="2024-01-16T18:44:30 IST" name="LA_chrome" finished-at="2024-01-16T18:46:01 IST" duration-ms="91716">
      <class name="com.leadAngel.testCases.TC_SANITY_LoginTest">
        <test-method is-config="true" signature="setup(java.lang.String, java.lang.String)[pri:0, instance:com.leadAngel.testCases.TC_SANITY_LoginTest@4351171a]" started-at="2024-01-16T18:44:30 IST" name="setup" finished-at="2024-01-16T18:44:36 IST" duration-ms="5726" status="PASS">
          <params>
            <param index="0">
              <value>
                <![CDATA[chrome]]>
              </value>
            </param>
            <param index="1">
              <value>
                <![CDATA[admin]]>
              </value>
            </param>
          </params>
          <reporter-output>
          </reporter-output>
        </test-method> <!-- setup -->
        <test-method signature="SanityloginTest()[pri:0, instance:com.leadAngel.testCases.TC_SANITY_LoginTest@4351171a]" started-at="2024-01-16T18:44:36 IST" name="SanityloginTest" description="All Positive Cases of SSO, Forgot Password &amp; Login Section" finished-at="2024-01-16T18:44:56 IST" duration-ms="20607" status="PASS">
          <reporter-output>
          </reporter-output>
        </test-method> <!-- SanityloginTest -->
        <test-method is-config="true" signature="tearDown()[pri:0, instance:com.leadAngel.testCases.TC_SANITY_LoginTest@4351171a]" started-at="2024-01-16T18:44:56 IST" name="tearDown" finished-at="2024-01-16T18:44:56 IST" duration-ms="268" status="PASS">
          <reporter-output>
          </reporter-output>
        </test-method> <!-- tearDown -->
      </class> <!-- com.leadAngel.testCases.TC_SANITY_LoginTest -->
      <class name="com.leadAngel.testCases.TC_REGRESSION_Login">
        <test-method is-config="true" signature="setup(java.lang.String, java.lang.String)[pri:0, instance:com.leadAngel.testCases.TC_REGRESSION_Login@3c2772d1]" started-at="2024-01-16T18:44:56 IST" name="setup" finished-at="2024-01-16T18:45:02 IST" duration-ms="5253" status="PASS">
          <params>
            <param index="0">
              <value>
                <![CDATA[chrome]]>
              </value>
            </param>
            <param index="1">
              <value>
                <![CDATA[admin]]>
              </value>
            </param>
          </params>
          <reporter-output>
          </reporter-output>
        </test-method> <!-- setup -->
        <test-method signature="RegressionloginTest()[pri:0, instance:com.leadAngel.testCases.TC_REGRESSION_Login@3c2772d1]" started-at="2024-01-16T18:45:02 IST" name="RegressionloginTest" description="All Negative &amp; Positive Scenario of SSO, Forgot Password &amp; Login Section" finished-at="2024-01-16T18:46:01 IST" duration-ms="59558" status="PASS">
          <reporter-output>
          </reporter-output>
        </test-method> <!-- RegressionloginTest -->
        <test-method is-config="true" signature="tearDown()[pri:0, instance:com.leadAngel.testCases.TC_REGRESSION_Login@3c2772d1]" started-at="2024-01-16T18:46:01 IST" name="tearDown" finished-at="2024-01-16T18:46:01 IST" duration-ms="197" status="PASS">
          <reporter-output>
          </reporter-output>
        </test-method> <!-- tearDown -->
      </class> <!-- com.leadAngel.testCases.TC_REGRESSION_Login -->
    </test> <!-- LA_chrome -->
  </suite> <!-- LeadAngelV1 -->
</testng-results>
