<?xml version="1.0" encoding="UTF-8"?>
<testng-results ignored="0" total="1" passed="1" failed="0" skipped="0">
  <reporter-output>
  </reporter-output>
  <suite started-at="2024-09-12T16:25:00 IST" name="LeadAngelV1" finished-at="2024-09-12T16:30:08 IST" duration-ms="307994">
    <groups>
    </groups>
    <test started-at="2024-09-12T16:25:00 IST" name="LA_chrome" finished-at="2024-09-12T16:30:08 IST" duration-ms="307994">
      <class name="com.leadAngel.testCases.TC_Sanity_AccountRoutingTerritory_AccountManagement">
        <test-method is-config="true" signature="setup(java.lang.String, java.lang.String)[pri:0, instance:com.leadAngel.testCases.TC_Sanity_AccountRoutingTerritory_AccountManagement@30b9eadd]" started-at="2024-09-12T16:25:00 IST" name="setup" finished-at="2024-09-12T16:25:06 IST" duration-ms="6500" status="PASS">
          <params>
            <param index="0">
              <value>
                <![CDATA[chrome]]>
              </value>
            </param>
            <param index="1">
              <value>
                <![CDATA[admin]]>
              </value>
            </param>
          </params>
          <reporter-output>
          </reporter-output>
        </test-method> <!-- setup -->
        <test-method signature="AccountManagement()[pri:0, instance:com.leadAngel.testCases.TC_Sanity_AccountRoutingTerritory_AccountManagement@30b9eadd]" started-at="2024-09-12T16:25:06 IST" name="AccountManagement" finished-at="2024-09-12T16:30:07 IST" duration-ms="301134" status="PASS">
          <reporter-output>
          </reporter-output>
        </test-method> <!-- AccountManagement -->
        <test-method is-config="true" signature="tearDown()[pri:0, instance:com.leadAngel.testCases.TC_Sanity_AccountRoutingTerritory_AccountManagement@30b9eadd]" started-at="2024-09-12T16:30:07 IST" name="tearDown" finished-at="2024-09-12T16:30:08 IST" duration-ms="262" status="PASS">
          <reporter-output>
          </reporter-output>
        </test-method> <!-- tearDown -->
      </class> <!-- com.leadAngel.testCases.TC_Sanity_AccountRoutingTerritory_AccountManagement -->
    </test> <!-- LA_chrome -->
  </suite> <!-- LeadAngelV1 -->
</testng-results>
