<?xml version="1.0" encoding="UTF-8"?>
<testng-results ignored="0" total="1" passed="1" failed="0" skipped="0">
  <reporter-output>
  </reporter-output>
  <suite started-at="2024-09-06T15:43:23 IST" name="LeadAngelV1" finished-at="2024-09-06T15:45:37 IST" duration-ms="134566">
    <groups>
    </groups>
    <test started-at="2024-09-06T15:43:23 IST" name="LA_chrome" finished-at="2024-09-06T15:45:37 IST" duration-ms="134566">
      <class name="com.leadAngel.testCases.TC_Profile_UserSettings">
        <test-method is-config="true" signature="setup(java.lang.String, java.lang.String)[pri:0, instance:com.leadAngel.testCases.TC_Profile_UserSettings@26a94fa5]" started-at="2024-09-06T15:43:23 IST" name="setup" finished-at="2024-09-06T15:43:31 IST" duration-ms="7757" status="PASS">
          <params>
            <param index="0">
              <value>
                <![CDATA[chrome]]>
              </value>
            </param>
            <param index="1">
              <value>
                <![CDATA[admin]]>
              </value>
            </param>
          </params>
          <reporter-output>
          </reporter-output>
        </test-method> <!-- setup -->
        <test-method signature="UserSetting()[pri:0, instance:com.leadAngel.testCases.TC_Profile_UserSettings@26a94fa5]" started-at="2024-09-06T15:43:31 IST" name="UserSetting" finished-at="2024-09-06T15:45:37 IST" duration-ms="126316" status="PASS">
          <reporter-output>
          </reporter-output>
        </test-method> <!-- UserSetting -->
        <test-method is-config="true" signature="tearDown()[pri:0, instance:com.leadAngel.testCases.TC_Profile_UserSettings@26a94fa5]" started-at="2024-09-06T15:45:37 IST" name="tearDown" finished-at="2024-09-06T15:45:37 IST" duration-ms="345" status="PASS">
          <reporter-output>
          </reporter-output>
        </test-method> <!-- tearDown -->
      </class> <!-- com.leadAngel.testCases.TC_Profile_UserSettings -->
    </test> <!-- LA_chrome -->
  </suite> <!-- LeadAngelV1 -->
</testng-results>
