<?xml version="1.0" encoding="UTF-8"?>
<testng-results ignored="0" total="1" passed="1" failed="0" skipped="0">
  <reporter-output>
  </reporter-output>
  <suite started-at="2023-11-23T13:19:15 IST" name="LeadAngelV1" finished-at="2023-11-23T13:23:36 IST" duration-ms="260752">
    <groups>
    </groups>
    <test started-at="2023-11-23T13:19:15 IST" name="LA_chrome" finished-at="2023-11-23T13:23:36 IST" duration-ms="260752">
      <class name="com.leadAngel.testCases.TC_CrudOperation_accountRoutingTeritorry_AccountManagement">
        <test-method is-config="true" signature="setup(java.lang.String, java.lang.String)[pri:0, instance:com.leadAngel.testCases.TC_CrudOperation_accountRoutingTeritorry_AccountManagement@4a9cc6cb]" started-at="2023-11-23T13:19:15 IST" name="setup" finished-at="2023-11-23T13:19:23 IST" duration-ms="7573" status="PASS">
          <params>
            <param index="0">
              <value>
                <![CDATA[chrome]]>
              </value>
            </param>
            <param index="1">
              <value>
                <![CDATA[admin]]>
              </value>
            </param>
          </params>
          <reporter-output>
          </reporter-output>
        </test-method> <!-- setup -->
        <test-method signature="crud_AccountList()[pri:0, instance:com.leadAngel.testCases.TC_CrudOperation_accountRoutingTeritorry_AccountManagement@4a9cc6cb]" started-at="2023-11-23T13:19:23 IST" name="crud_AccountList" finished-at="2023-11-23T13:23:35 IST" duration-ms="252889" status="PASS">
          <reporter-output>
          </reporter-output>
        </test-method> <!-- crud_AccountList -->
        <test-method is-config="true" signature="tearDown()[pri:0, instance:com.leadAngel.testCases.TC_CrudOperation_accountRoutingTeritorry_AccountManagement@4a9cc6cb]" started-at="2023-11-23T13:23:35 IST" name="tearDown" finished-at="2023-11-23T13:23:36 IST" duration-ms="209" status="PASS">
          <reporter-output>
          </reporter-output>
        </test-method> <!-- tearDown -->
      </class> <!-- com.leadAngel.testCases.TC_CrudOperation_accountRoutingTeritorry_AccountManagement -->
    </test> <!-- LA_chrome -->
  </suite> <!-- LeadAngelV1 -->
</testng-results>
