<?xml version="1.0" encoding="UTF-8"?>
<testng-results ignored="0" total="1" passed="1" failed="0" skipped="0">
  <reporter-output>
  </reporter-output>
  <suite started-at="2023-11-20T18:22:41 IST" name="LeadAngelV1" finished-at="2023-11-20T18:26:13 IST" duration-ms="211992">
    <groups>
    </groups>
    <test started-at="2023-11-20T18:22:41 IST" name="LA_chrome" finished-at="2023-11-20T18:26:13 IST" duration-ms="211992">
      <class name="com.leadAngel.testCases.TC_CrudOperation_WaitCondition_OpportunityModule">
        <test-method is-config="true" signature="setup(java.lang.String, java.lang.String)[pri:0, instance:com.leadAngel.testCases.TC_CrudOperation_WaitCondition_OpportunityModule@12cd9150]" started-at="2023-11-20T18:22:41 IST" name="setup" finished-at="2023-11-20T18:22:49 IST" duration-ms="7957" status="PASS">
          <params>
            <param index="0">
              <value>
                <![CDATA[chrome]]>
              </value>
            </param>
            <param index="1">
              <value>
                <![CDATA[admin]]>
              </value>
            </param>
          </params>
          <reporter-output>
          </reporter-output>
        </test-method> <!-- setup -->
        <test-method signature="crud_AccountList()[pri:0, instance:com.leadAngel.testCases.TC_CrudOperation_WaitCondition_OpportunityModule@12cd9150]" started-at="2023-11-20T18:22:49 IST" name="crud_AccountList" finished-at="2023-11-20T18:26:13 IST" duration-ms="203675" status="PASS">
          <reporter-output>
          </reporter-output>
        </test-method> <!-- crud_AccountList -->
        <test-method is-config="true" signature="tearDown()[pri:0, instance:com.leadAngel.testCases.TC_CrudOperation_WaitCondition_OpportunityModule@12cd9150]" started-at="2023-11-20T18:26:13 IST" name="tearDown" finished-at="2023-11-20T18:26:13 IST" duration-ms="258" status="PASS">
          <reporter-output>
          </reporter-output>
        </test-method> <!-- tearDown -->
      </class> <!-- com.leadAngel.testCases.TC_CrudOperation_WaitCondition_OpportunityModule -->
    </test> <!-- LA_chrome -->
  </suite> <!-- LeadAngelV1 -->
</testng-results>
