<?xml version="1.0" encoding="UTF-8"?>
<!-- Generated by org.testng.reporters.JUnitXMLReporter -->
<testsuite ignored="0" hostname="DESKTOP-SV17MOP" failures="0" tests="2" name="LA_chrome" time="91.716" errors="0" timestamp="2024-01-16T18:46:02 IST">
  <testcase classname="com.leadAngel.testCases.TC_SANITY_LoginTest" name="SanityloginTest" time="20.607"/>
  <testcase classname="com.leadAngel.testCases.TC_REGRESSION_Login" name="RegressionloginTest" time="59.558"/>
</testsuite> <!-- LA_chrome -->
