<?xml version="1.0" encoding="UTF-8"?>
<testng-results ignored="0" total="1" passed="1" failed="0" skipped="0">
  <reporter-output>
  </reporter-output>
  <suite started-at="2024-09-12T13:17:39 IST" name="LeadAngelV1" finished-at="2024-09-12T13:56:18 IST" duration-ms="2319578">
    <groups>
    </groups>
    <test started-at="2024-09-12T13:17:39 IST" name="LA_chrome" finished-at="2024-09-12T13:56:18 IST" duration-ms="2319578">
      <class name="com.leadAngel.testCases.TC_Sanity_OTSrouter_ContactManagement">
        <test-method is-config="true" signature="setup(java.lang.String, java.lang.String)[pri:0, instance:com.leadAngel.testCases.TC_Sanity_OTSrouter_ContactManagement@411291e5]" started-at="2024-09-12T13:17:39 IST" name="setup" finished-at="2024-09-12T13:17:46 IST" duration-ms="7153" status="PASS">
          <params>
            <param index="0">
              <value>
                <![CDATA[chrome]]>
              </value>
            </param>
            <param index="1">
              <value>
                <![CDATA[admin]]>
              </value>
            </param>
          </params>
          <reporter-output>
          </reporter-output>
        </test-method> <!-- setup -->
        <test-method signature="ContactManagement()[pri:0, instance:com.leadAngel.testCases.TC_Sanity_OTSrouter_ContactManagement@411291e5]" started-at="2024-09-12T13:17:46 IST" name="ContactManagement" finished-at="2024-09-12T13:56:18 IST" duration-ms="2312060" status="PASS">
          <reporter-output>
          </reporter-output>
        </test-method> <!-- ContactManagement -->
        <test-method is-config="true" signature="tearDown()[pri:0, instance:com.leadAngel.testCases.TC_Sanity_OTSrouter_ContactManagement@411291e5]" started-at="2024-09-12T13:56:18 IST" name="tearDown" finished-at="2024-09-12T13:56:18 IST" duration-ms="258" status="PASS">
          <reporter-output>
          </reporter-output>
        </test-method> <!-- tearDown -->
      </class> <!-- com.leadAngel.testCases.TC_Sanity_OTSrouter_ContactManagement -->
    </test> <!-- LA_chrome -->
  </suite> <!-- LeadAngelV1 -->
</testng-results>
