<?xml version="1.0" encoding="UTF-8"?>
<testng-results ignored="0" total="1" passed="1" failed="0" skipped="0">
  <reporter-output>
  </reporter-output>
  <suite started-at="2023-11-21T15:56:15 IST" name="LeadAngelV1" finished-at="2023-11-21T16:06:30 IST" duration-ms="615264">
    <groups>
    </groups>
    <test started-at="2023-11-21T15:56:15 IST" name="LA_chrome" finished-at="2023-11-21T16:06:30 IST" duration-ms="615264">
      <class name="com.leadAngel.testCases.TC_CrudOperation_ContactRouter_ContactManagement">
        <test-method is-config="true" signature="setup(java.lang.String, java.lang.String)[pri:0, instance:com.leadAngel.testCases.TC_CrudOperation_ContactRouter_ContactManagement@22c86919]" started-at="2023-11-21T15:56:15 IST" name="setup" finished-at="2023-11-21T15:56:21 IST" duration-ms="6324" status="PASS">
          <params>
            <param index="0">
              <value>
                <![CDATA[chrome]]>
              </value>
            </param>
            <param index="1">
              <value>
                <![CDATA[admin]]>
              </value>
            </param>
          </params>
          <reporter-output>
          </reporter-output>
        </test-method> <!-- setup -->
        <test-method signature="crud_AccountList()[pri:0, instance:com.leadAngel.testCases.TC_CrudOperation_ContactRouter_ContactManagement@22c86919]" started-at="2023-11-21T15:56:21 IST" name="crud_AccountList" finished-at="2023-11-21T16:06:30 IST" duration-ms="608529" status="PASS">
          <reporter-output>
          </reporter-output>
        </test-method> <!-- crud_AccountList -->
        <test-method is-config="true" signature="tearDown()[pri:0, instance:com.leadAngel.testCases.TC_CrudOperation_ContactRouter_ContactManagement@22c86919]" started-at="2023-11-21T16:06:30 IST" name="tearDown" finished-at="2023-11-21T16:06:30 IST" duration-ms="316" status="PASS">
          <reporter-output>
          </reporter-output>
        </test-method> <!-- tearDown -->
      </class> <!-- com.leadAngel.testCases.TC_CrudOperation_ContactRouter_ContactManagement -->
    </test> <!-- LA_chrome -->
  </suite> <!-- LeadAngelV1 -->
</testng-results>
