<?xml version="1.0" encoding="UTF-8"?>
<testsuite xmlns:xsi="http://www.w3.org/2001/XMLSchema-instance" xsi:schemaLocation="https://maven.apache.org/surefire/maven-surefire-plugin/xsd/surefire-test-report.xsd" name="TestSuite" time="19.894" tests="1" errors="0" skipped="0" failures="1">
  <properties>
[...]
</properties>
  <testcase name="LeadManagement" classname="com.leadAngel.testCases.TC_Sanity_SRandGroupMapping_LeadManagement" time="10.653">
    <failure message="The following asserts failed:&#10;	expected [true] but found [false]" type="java.lang.AssertionError">java.lang.AssertionError: 
The following asserts failed:
	expected [true] but found [false]
	at com.leadAngel.testCases.TC_Sanity_SRandGroupMapping_LeadManagement.LeadManagement(TC_Sanity_SRandGroupMapping_LeadManagement.java:54)
</failure>
    <system-out><![CDATA[I am in onStart method LA_chrome
LeadManagement-2024-09-17 main INFO BaseClass:104 - ======================================= INFORMATION ======================================
LeadManagement-2024-09-17 main INFO BaseClass:111 - Login Scenario Started for ADMIN-USER
LeadManagement-2024-09-17 main INFO BaseClass:112 - https://stage.leadangel.com/index.html#/
LeadManagement-2024-09-17 main INFO BaseClass:113 - 1667
LeadManagement-2024-09-17 main INFO BaseClass:114 - ganesh@leadangel.com
LeadManagement-2024-09-17 main INFO BaseClass:116 - Entered ClientID
LeadManagement-2024-09-17 main INFO BaseClass:118 - Entered Email
LeadManagement-2024-09-17 main INFO BaseClass:120 - Entered Password
LeadManagement-2024-09-17 main INFO BaseClass:122 - Click on Submit
I am in onTestStart method LeadManagement start
LeadManagement-2024-09-17 main INFO SRandAccountMapping_LeadManagement:26 - Click on Lead Management is Passed
LeadManagement-2024-09-17 main INFO SRandAccountMapping_LeadManagement:35 - Click On Sales Team Dropdown is Passed
LeadManagement-2024-09-17 main INFO SRandAccountMapping_LeadManagement:44 - Click On SR and Group Mapping is Passed
LeadManagement-2024-09-17 main INFO SRandAccountMapping_LeadManagement:52 - Displayed No Record Found
I am in onTestFailure method LeadManagement failed
Screenshot captured for test case:LeadManagement
]]></system-out>
    <system-err><![CDATA[Starting ChromeDriver 128.0.6613.86 (3045ed680fdab64f784f3b366cfe74adbdf6ff01-refs/branch-heads/6613@{#1337}) on port 31232
Only local connections are allowed.
Please see https://chromedriver.chromium.org/security-considerations for suggestions on keeping ChromeDriver safe.
ChromeDriver was started successfully on port 31232.
Sept 17, 2024 6:07:58 PM org.openqa.selenium.devtools.CdpVersionFinder findNearestMatch
WARNING: Unable to find CDP implementation matching 128
Sept 17, 2024 6:07:58 PM org.openqa.selenium.chromium.ChromiumDriver lambda$new$3
WARNING: Unable to find version of CDP to use for . You may need to include a dependency on a specific version of the CDP using something similar to `org.seleniumhq.selenium:selenium-devtools-v86:4.9.1` where the version ("v86") matches the version of the chromium-based browser you're using and the version number of the artifact is the same as Selenium's.
]]></system-err>
  </testcase>
</testsuite>