<?xml version="1.0" encoding="UTF-8"?>
<testng-results ignored="0" total="1" passed="1" failed="0" skipped="0">
  <reporter-output>
  </reporter-output>
  <suite started-at="2023-11-21T13:11:01 IST" name="LeadAngelV1" finished-at="2023-11-21T13:11:31 IST" duration-ms="30064">
    <groups>
    </groups>
    <test started-at="2023-11-21T13:11:01 IST" name="LA_chrome" finished-at="2023-11-21T13:11:31 IST" duration-ms="30064">
      <class name="com.leadAngel.testCases.TC_REGRESSION_Login">
        <test-method is-config="true" signature="setup(java.lang.String, java.lang.String)[pri:0, instance:com.leadAngel.testCases.TC_REGRESSION_Login@47289387]" started-at="2023-11-21T13:11:01 IST" name="setup" finished-at="2023-11-21T13:11:09 IST" duration-ms="7342" status="PASS">
          <params>
            <param index="0">
              <value>
                <![CDATA[chrome]]>
              </value>
            </param>
            <param index="1">
              <value>
                <![CDATA[admin]]>
              </value>
            </param>
          </params>
          <reporter-output>
          </reporter-output>
        </test-method> <!-- setup -->
        <test-method signature="RegressionloginTest()[pri:0, instance:com.leadAngel.testCases.TC_REGRESSION_Login@47289387]" started-at="2023-11-21T13:11:09 IST" name="RegressionloginTest" description="All Negative &amp; Positive Scenario of SSO, Forgot Password &amp; Login Section" finished-at="2023-11-21T13:11:31 IST" duration-ms="22414" status="PASS">
          <reporter-output>
          </reporter-output>
        </test-method> <!-- RegressionloginTest -->
        <test-method is-config="true" signature="tearDown()[pri:0, instance:com.leadAngel.testCases.TC_REGRESSION_Login@47289387]" started-at="2023-11-21T13:11:31 IST" name="tearDown" finished-at="2023-11-21T13:11:31 IST" duration-ms="212" status="PASS">
          <reporter-output>
          </reporter-output>
        </test-method> <!-- tearDown -->
      </class> <!-- com.leadAngel.testCases.TC_REGRESSION_Login -->
    </test> <!-- LA_chrome -->
  </suite> <!-- LeadAngelV1 -->
</testng-results>
