<?xml version="1.0" encoding="UTF-8"?>
<!-- Generated by org.testng.reporters.JUnitXMLReporter -->
<testsuite ignored="0" hostname="DESKTOP-BJPIIEA" failures="1" tests="1" name="LA_chrome" time="360.822" errors="0" timestamp="2024-09-19T11:21:45 IST">
  <testcase classname="com.leadAngel.testCases.TC_CrudOperation_AccountList" name="crud_AccountList" time="298.513">
    <failure type="java.lang.AssertionError" message="The following asserts failed:
	expected [true] but found [false]">
      <![CDATA[java.lang.AssertionError: The following asserts failed:
expected [true] but found [false]
at com.leadAngel.testCases.TC_CrudOperation_AccountList.crud_AccountList(TC_CrudOperation_AccountList.java:865)
at java.base/java.util.ArrayList.forEach(ArrayList.java:1597)
... Removed 27 stack frames]]>
    </failure>
  </testcase> <!-- crud_AccountList -->
</testsuite> <!-- LA_chrome -->
